c:\users\dimko\source\repos\dxengine\dxengine\debug\vc141.pdb
c:\users\dimko\source\repos\dxengine\dxengine\debug\vc141.idb
c:\users\dimko\source\repos\dxengine\dxengine\debug\gamewindowclass.obj
c:\users\dimko\source\repos\dxengine\dxengine\debug\dxengine.obj
c:\users\dimko\source\repos\dxengine\dxengine\debug\fileobject.obj
c:\users\dimko\source\repos\dxengine\dxengine\debug\dxgameclass.obj
c:\users\dimko\source\repos\dxengine\dxengine\debug\message.obj
c:\users\dimko\source\repos\dxengine\dxengine\debug\camera.obj
c:\users\dimko\source\repos\dxengine\dxengine\debug\dxengine.pch
c:\users\dimko\source\repos\dxengine\dxengine\debug\stdafx.obj
c:\users\dimko\source\repos\dxengine\dxengine\debug\light.obj
c:\users\dimko\source\repos\dxengine\dxengine\debug\input.obj
c:\users\dimko\source\repos\dxengine\dxengine\debug\player.obj
c:\users\dimko\source\repos\dxengine\debug\dxengine.exe
c:\users\dimko\source\repos\dxengine\debug\dxengine.ilk
c:\users\dimko\source\repos\dxengine\debug\dxengine.pdb
c:\users\dimko\source\repos\dxengine\dxengine\debug\dxgameclass.obj.enc
c:\users\dimko\source\repos\dxengine\dxengine\debug\message.obj.enc
c:\users\dimko\source\repos\dxengine\dxengine\debug\dxengine.res
c:\users\dimko\source\repos\dxengine\dxengine\debug\dxengine.tlog\cl.command.1.tlog
c:\users\dimko\source\repos\dxengine\dxengine\debug\dxengine.tlog\cl.read.1.tlog
c:\users\dimko\source\repos\dxengine\dxengine\debug\dxengine.tlog\cl.write.1.tlog
c:\users\dimko\source\repos\dxengine\dxengine\debug\dxengine.tlog\link.command.1.tlog
c:\users\dimko\source\repos\dxengine\dxengine\debug\dxengine.tlog\link.read.1.tlog
c:\users\dimko\source\repos\dxengine\dxengine\debug\dxengine.tlog\link.write.1.tlog
c:\users\dimko\source\repos\dxengine\dxengine\debug\dxengine.tlog\rc.command.1.tlog
c:\users\dimko\source\repos\dxengine\dxengine\debug\dxengine.tlog\rc.read.1.tlog
c:\users\dimko\source\repos\dxengine\dxengine\debug\dxengine.tlog\rc.write.1.tlog
